<?xml version="1.0" encoding="UTF-8" ?>
<testsuite errors="0" failures="0" hostname="Anupams-MacBook-Pro.local" name="com.alexholmes.json.parser.PartitionedJsonParserNoSeekTest" skipped="0" tests="1" time="0.104" timestamp="2014-10-09T08:05:15">
  <properties>
[...]
</properties>
  <testcase classname="com.alexholmes.json.parser.PartitionedJsonParserNoSeekTest" name="testNoSeek" time="0.035" />
  <system-out><![CDATA[File array_objects_complex.json/array_objects_complex.json.expected1.json passed
File array_objects_complex.json.expected1.json/array_objects_complex.json.expected1.json passed
File array_objects_complex2.json/array_objects_complex2.json.expected1.json passed
File array_objects_complex2.json/array_objects_complex2.json.expected2.json passed
File array_objects_complex2.json.expected1.json/array_objects_complex2.json.expected1.json passed
File array_objects_complex2.json.expected2.json/array_objects_complex2.json.expected2.json passed
File array_objects_same_name_in_child.json/array_objects_same_name_in_child.json.expected1.json passed
File array_objects_same_name_in_child.json.expected1.json/array_objects_same_name_in_child.json.expected1.json passed
File object_simple.json/object_simple.json.expected1.json passed
File object_simple.json.expected1.json/object_simple.json.expected1.json passed
File object_string_escaping.json/object_string_escaping.json.expected1.json passed
File object_string_escaping.json.expected1.json/object_string_escaping.json.expected1.json passed
]]></system-out>
  <system-err><![CDATA[]]></system-err>
</testsuite>
